
Circuit 1 cell sky130_fd_pr__nfet_01v8 and Circuit 2 cell sky130_fd_pr__nfet_01v8 are black boxes.
Warning: Equate pins:  cell sky130_fd_pr__nfet_01v8 is a placeholder, treated as a black box.
Warning: Equate pins:  cell sky130_fd_pr__nfet_01v8 is a placeholder, treated as a black box.

Subcircuit pins:
Circuit 1: sky130_fd_pr__nfet_01v8         |Circuit 2: sky130_fd_pr__nfet_01v8         
-------------------------------------------|-------------------------------------------
1                                          |1                                          
2                                          |2                                          
3                                          |3                                          
4                                          |4                                          
---------------------------------------------------------------------------------------
Cell pin lists are equivalent.
Device classes sky130_fd_pr__nfet_01v8 and sky130_fd_pr__nfet_01v8 are equivalent.
Flattening unmatched subcell sky130_fd_pr__nfet_01v8_VGC7SA in circuit nmoscs89 (0)(8 instances)
Flattening unmatched subcell sky130_fd_pr__nfet_01v8_5MNGEB in circuit nmoscs89 (0)(4 instances)

Class nmoscs89 (0):  Merged 12 parallel devices.
Subcircuit summary:
Circuit 1: nmoscs89                        |Circuit 2: nmoscs89                        
-------------------------------------------|-------------------------------------------
sky130_fd_pr__nfet_01v8 (16->4)            |sky130_fd_pr__nfet_01v8 (16->4)            
Number of devices: 4                       |Number of devices: 4                       
Number of nets: 3                          |Number of nets: 3                          
---------------------------------------------------------------------------------------
Netlists match uniquely.

Subcircuit pins:
Circuit 1: nmoscs89                        |Circuit 2: nmoscs89                        
-------------------------------------------|-------------------------------------------
D8                                         |D8                                         
GND                                        |GND                                        
D9                                         |D9                                         
---------------------------------------------------------------------------------------
Cell pin lists are equivalent.
Device classes nmoscs89 and nmoscs89 are equivalent.

Final result: Circuits match uniquely.
.
